# JRE version: Java(TM) SE Runtime Environment (8.0_231-b11) (build 1.8.0_231-b11)
# Java VM: Java HotSpot(TM) 64-Bit Server VM (25.231-b11 mixed mode windows-amd64 compressed oops)
Heap:
 PSYoungGen      total 199168K, used 49777K [0x00000000eb180000, 0x00000000f9a00000, 0x0000000100000000)
  eden space 186880K, 26% used [0x00000000eb180000,0x00000000ee21c4f8,0x00000000f6800000)
  from space 12288K, 0% used [0x00000000f6800000,0x00000000f6800000,0x00000000f7400000)
  to   space 12288K, 0% used [0x00000000f8e00000,0x00000000f8e00000,0x00000000f9a00000)
 ParOldGen       total 73216K, used 19733K [0x00000000c1400000, 0x00000000c5b80000, 0x00000000eb180000)
  object space 73216K, 26% used [0x00000000c1400000,0x00000000c2745670,0x00000000c5b80000)
 Metaspace       used 58846K, capacity 61496K, committed 61696K, reserved 1101824K
  class space    used 7950K, capacity 8415K, committed 8448K, reserved 1048576K
GC Heap History (10 events):
Event: 11.064 GC heap before
{Heap before GC invocations=16 (full 2):
 PSYoungGen      total 123904K, used 115712K [0x00000000eb180000, 0x00000000f5980000, 0x0000000100000000)
  eden space 115712K, 100% used [0x00000000eb180000,0x00000000f2280000,0x00000000f2280000)
  from space 8192K, 0% used [0x00000000f2280000,0x00000000f2280000,0x00000000f2a80000)
  to   space 8192K, 0% used [0x00000000f5180000,0x00000000f5180000,0x00000000f5980000)
 ParOldGen       total 51200K, used 12807K [0x00000000c1400000, 0x00000000c4600000, 0x00000000eb180000)
  object space 51200K, 25% used [0x00000000c1400000,0x00000000c2081d98,0x00000000c4600000)
 Metaspace       used 40754K, capacity 42382K, committed 42496K, reserved 1085440K
  class space    used 5265K, capacity 5582K, committed 5632K, reserved 1048576K
Event: 11.081 GC heap after
Heap after GC invocations=16 (full 2):
 PSYoungGen      total 157184K, used 8161K [0x00000000eb180000, 0x00000000f5980000, 0x0000000100000000)
  eden space 148992K, 0% used [0x00000000eb180000,0x00000000eb180000,0x00000000f4300000)
  from space 8192K, 99% used [0x00000000f5180000,0x00000000f59786a0,0x00000000f5980000)
  to   space 9216K, 0% used [0x00000000f4780000,0x00000000f4780000,0x00000000f5080000)
 ParOldGen       total 51200K, used 13039K [0x00000000c1400000, 0x00000000c4600000, 0x00000000eb180000)
  object space 51200K, 25% used [0x00000000c1400000,0x00000000c20bbe28,0x00000000c4600000)
 Metaspace       used 40754K, capacity 42382K, committed 42496K, reserved 1085440K
  class space    used 5265K, capacity 5582K, committed 5632K, reserved 1048576K
}
Event: 13.494 GC heap before
{Heap before GC invocations=17 (full 2):
 PSYoungGen      total 157184K, used 157153K [0x00000000eb180000, 0x00000000f5980000, 0x0000000100000000)
  eden space 148992K, 100% used [0x00000000eb180000,0x00000000f4300000,0x00000000f4300000)
  from space 8192K, 99% used [0x00000000f5180000,0x00000000f59786a0,0x00000000f5980000)
  to   space 9216K, 0% used [0x00000000f4780000,0x00000000f4780000,0x00000000f5080000)
 ParOldGen       total 51200K, used 13039K [0x00000000c1400000, 0x00000000c4600000, 0x00000000eb180000)
  object space 51200K, 25% used [0x00000000c1400000,0x00000000c20bbe28,0x00000000c4600000)
 Metaspace       used 48917K, capacity 50634K, committed 51072K, reserved 1093632K
  class space    used 6609K, capacity 6956K, committed 7040K, reserved 1048576K
Event: 13.517 GC heap after
Heap after GC invocations=17 (full 2):
 PSYoungGen      total 162816K, used 8697K [0x00000000eb180000, 0x00000000f7e80000, 0x0000000100000000)
  eden space 153600K, 0% used [0x00000000eb180000,0x00000000eb180000,0x00000000f4780000)
  from space 9216K, 94% used [0x00000000f4780000,0x00000000f4ffe460,0x00000000f5080000)
  to   space 10752K, 0% used [0x00000000f7400000,0x00000000f7400000,0x00000000f7e80000)
 ParOldGen       total 51200K, used 16569K [0x00000000c1400000, 0x00000000c4600000, 0x00000000eb180000)
  object space 51200K, 32% used [0x00000000c1400000,0x00000000c242e5d8,0x00000000c4600000)
 Metaspace       used 48917K, capacity 50634K, committed 51072K, reserved 1093632K
  class space    used 6609K, capacity 6956K, committed 7040K, reserved 1048576K
}
Event: 16.163 GC heap before
{Heap before GC invocations=18 (full 2):
 PSYoungGen      total 162816K, used 162297K [0x00000000eb180000, 0x00000000f7e80000, 0x0000000100000000)
  eden space 153600K, 100% used [0x00000000eb180000,0x00000000f4780000,0x00000000f4780000)
  from space 9216K, 94% used [0x00000000f4780000,0x00000000f4ffe460,0x00000000f5080000)
  to   space 10752K, 0% used [0x00000000f7400000,0x00000000f7400000,0x00000000f7e80000)
 ParOldGen       total 51200K, used 16569K [0x00000000c1400000, 0x00000000c4600000, 0x00000000eb180000)
  object space 51200K, 32% used [0x00000000c1400000,0x00000000c242e5d8,0x00000000c4600000)
 Metaspace       used 55830K, capacity 58386K, committed 58496K, reserved 1099776K
  class space    used 7580K, capacity 8022K, committed 8064K, reserved 1048576K
Event: 16.191 GC heap after
Heap after GC invocations=18 (full 2):
 PSYoungGen      total 197632K, used 10732K [0x00000000eb180000, 0x00000000f8500000, 0x0000000100000000)
  eden space 186880K, 0% used [0x00000000eb180000,0x00000000eb180000,0x00000000f6800000)
  from space 10752K, 99% used [0x00000000f7400000,0x00000000f7e7b388,0x00000000f7e80000)
  to   space 12288K, 0% used [0x00000000f6800000,0x00000000f6800000,0x00000000f7400000)
 ParOldGen       total 51200K, used 16803K [0x00000000c1400000, 0x00000000c4600000, 0x00000000eb180000)
  object space 51200K, 32% used [0x00000000c1400000,0x00000000c2468d20,0x00000000c4600000)
 Metaspace       used 55830K, capacity 58386K, committed 58496K, reserved 1099776K
  class space    used 7580K, capacity 8022K, committed 8064K, reserved 1048576K
}
Event: 28.152 GC heap before
{Heap before GC invocations=19 (full 2):
 PSYoungGen      total 197632K, used 27873K [0x00000000eb180000, 0x00000000f8500000, 0x0000000100000000)
  eden space 186880K, 9% used [0x00000000eb180000,0x00000000ec23d1a0,0x00000000f6800000)
  from space 10752K, 99% used [0x00000000f7400000,0x00000000f7e7b388,0x00000000f7e80000)
  to   space 12288K, 0% used [0x00000000f6800000,0x00000000f6800000,0x00000000f7400000)
 ParOldGen       total 51200K, used 16803K [0x00000000c1400000, 0x00000000c4600000, 0x00000000eb180000)
  object space 51200K, 32% used [0x00000000c1400000,0x00000000c2468d20,0x00000000c4600000)
 Metaspace       used 56293K, capacity 58886K, committed 59028K, reserved 1099776K
  class space    used 7640K, capacity 8098K, committed 8192K, reserved 1048576K
Event: 28.168 GC heap after
Heap after GC invocations=19 (full 2):
 PSYoungGen      total 199168K, used 589K [0x00000000eb180000, 0x00000000f9a00000, 0x0000000100000000)
  eden space 186880K, 0% used [0x00000000eb180000,0x00000000eb180000,0x00000000f6800000)
  from space 12288K, 4% used [0x00000000f6800000,0x00000000f68936f0,0x00000000f7400000)
  to   space 12288K, 0% used [0x00000000f8e00000,0x00000000f8e00000,0x00000000f9a00000)
 ParOldGen       total 51200K, used 22503K [0x00000000c1400000, 0x00000000c4600000, 0x00000000eb180000)
  object space 51200K, 43% used [0x00000000c1400000,0x00000000c29f9df8,0x00000000c4600000)
 Metaspace       used 56293K, capacity 58886K, committed 59028K, reserved 1099776K
  class space    used 7640K, capacity 8098K, committed 8192K, reserved 1048576K
}
Event: 28.168 GC heap before
{Heap before GC invocations=20 (full 3):
 PSYoungGen      total 199168K, used 589K [0x00000000eb180000, 0x00000000f9a00000, 0x0000000100000000)
  eden space 186880K, 0% used [0x00000000eb180000,0x00000000eb180000,0x00000000f6800000)
  from space 12288K, 4% used [0x00000000f6800000,0x00000000f68936f0,0x00000000f7400000)
  to   space 12288K, 0% used [0x00000000f8e00000,0x00000000f8e00000,0x00000000f9a00000)
 ParOldGen       total 51200K, used 22503K [0x00000000c1400000, 0x00000000c4600000, 0x00000000eb180000)
  object space 51200K, 43% used [0x00000000c1400000,0x00000000c29f9df8,0x00000000c4600000)
 Metaspace       used 56293K, capacity 58886K, committed 59028K, reserved 1099776K
  class space    used 7640K, capacity 8098K, committed 8192K, reserved 1048576K
Event: 28.443 GC heap after
Heap after GC invocations=20 (full 3):
 PSYoungGen      total 199168K, used 0K [0x00000000eb180000, 0x00000000f9a00000, 0x0000000100000000)
  eden space 186880K, 0% used [0x00000000eb180000,0x00000000eb180000,0x00000000f6800000)
  from space 12288K, 0% used [0x00000000f6800000,0x00000000f6800000,0x00000000f7400000)
  to   space 12288K, 0% used [0x00000000f8e00000,0x00000000f8e00000,0x00000000f9a00000)
 ParOldGen       total 73216K, used 19733K [0x00000000c1400000, 0x00000000c5b80000, 0x00000000eb180000)
  object space 73216K, 26% used [0x00000000c1400000,0x00000000c2745670,0x00000000c5b80000)
 Metaspace       used 56293K, capacity 58886K, committed 59028K, reserved 1099776K
  class space    used 7640K, capacity 8098K, committed 8192K, reserved 1048576K
}

